Started GET "/" for ::1 at 2022-07-08 10:48:48 +0700
  
ActiveRecord::ConnectionNotEstablished (Can't connect to local MySQL server through socket '/tmp/mysql.sock' (2)):
  
activerecord (6.1.6) lib/active_record/connection_adapters/mysql2_adapter.rb:45:in `rescue in new_client'
activerecord (6.1.6) lib/active_record/connection_adapters/mysql2_adapter.rb:39:in `new_client'
activerecord (6.1.6) lib/active_record/connection_adapters/mysql2_adapter.rb:23:in `mysql2_connection'
activerecord (6.1.6) lib/active_record/connection_adapters/abstract/connection_pool.rb:882:in `public_send'
activerecord (6.1.6) lib/active_record/connection_adapters/abstract/connection_pool.rb:882:in `new_connection'
activerecord (6.1.6) lib/active_record/connection_adapters/abstract/connection_pool.rb:926:in `checkout_new_connection'
activerecord (6.1.6) lib/active_record/connection_adapters/abstract/connection_pool.rb:905:in `try_to_checkout_new_connection'
activerecord (6.1.6) lib/active_record/connection_adapters/abstract/connection_pool.rb:866:in `acquire_connection'
activerecord (6.1.6) lib/active_record/connection_adapters/abstract/connection_pool.rb:588:in `checkout'
activerecord (6.1.6) lib/active_record/connection_adapters/abstract/connection_pool.rb:428:in `connection'
activerecord (6.1.6) lib/active_record/connection_adapters/abstract/connection_pool.rb:1128:in `retrieve_connection'
activerecord (6.1.6) lib/active_record/connection_handling.rb:327:in `retrieve_connection'
activerecord (6.1.6) lib/active_record/connection_handling.rb:283:in `connection'
activerecord (6.1.6) lib/active_record/migration.rb:611:in `connection'
activerecord (6.1.6) lib/active_record/migration.rb:606:in `build_watcher'
activerecord (6.1.6) lib/active_record/migration.rb:588:in `block in call'
activerecord (6.1.6) lib/active_record/migration.rb:587:in `synchronize'
activerecord (6.1.6) lib/active_record/migration.rb:587:in `call'
actionpack (6.1.6) lib/action_dispatch/middleware/callbacks.rb:27:in `block in call'
activesupport (6.1.6) lib/active_support/callbacks.rb:98:in `run_callbacks'
actionpack (6.1.6) lib/action_dispatch/middleware/callbacks.rb:26:in `call'
actionpack (6.1.6) lib/action_dispatch/middleware/executor.rb:14:in `call'
actionpack (6.1.6) lib/action_dispatch/middleware/actionable_exceptions.rb:18:in `call'
actionpack (6.1.6) lib/action_dispatch/middleware/debug_exceptions.rb:29:in `call'
web-console (4.2.0) lib/web_console/middleware.rb:132:in `call_app'
web-console (4.2.0) lib/web_console/middleware.rb:28:in `block in call'
web-console (4.2.0) lib/web_console/middleware.rb:17:in `catch'
web-console (4.2.0) lib/web_console/middleware.rb:17:in `call'
actionpack (6.1.6) lib/action_dispatch/middleware/show_exceptions.rb:33:in `call'
railties (6.1.6) lib/rails/rack/logger.rb:37:in `call_app'
railties (6.1.6) lib/rails/rack/logger.rb:26:in `block in call'
activesupport (6.1.6) lib/active_support/tagged_logging.rb:99:in `block in tagged'
activesupport (6.1.6) lib/active_support/tagged_logging.rb:37:in `tagged'
activesupport (6.1.6) lib/active_support/tagged_logging.rb:99:in `tagged'
railties (6.1.6) lib/rails/rack/logger.rb:26:in `call'
sprockets-rails (3.4.2) lib/sprockets/rails/quiet_assets.rb:13:in `call'
actionpack (6.1.6) lib/action_dispatch/middleware/remote_ip.rb:81:in `call'
actionpack (6.1.6) lib/action_dispatch/middleware/request_id.rb:26:in `call'
rack (2.2.4) lib/rack/method_override.rb:24:in `call'
rack (2.2.4) lib/rack/runtime.rb:22:in `call'
activesupport (6.1.6) lib/active_support/cache/strategy/local_cache_middleware.rb:29:in `call'
actionpack (6.1.6) lib/action_dispatch/middleware/executor.rb:14:in `call'
actionpack (6.1.6) lib/action_dispatch/middleware/static.rb:24:in `call'
rack (2.2.4) lib/rack/sendfile.rb:110:in `call'
actionpack (6.1.6) lib/action_dispatch/middleware/host_authorization.rb:148:in `call'
rack-mini-profiler (2.3.4) lib/mini_profiler/profiler.rb:393:in `call'
webpacker (5.4.3) lib/webpacker/dev_server_proxy.rb:25:in `perform_request'
rack-proxy (0.7.2) lib/rack/proxy.rb:67:in `call'
railties (6.1.6) lib/rails/engine.rb:539:in `call'
puma (5.6.4) lib/puma/configuration.rb:252:in `call'
puma (5.6.4) lib/puma/request.rb:77:in `block in handle_request'
puma (5.6.4) lib/puma/thread_pool.rb:340:in `with_force_shutdown'
puma (5.6.4) lib/puma/request.rb:76:in `handle_request'
puma (5.6.4) lib/puma/server.rb:441:in `process_client'
puma (5.6.4) lib/puma/thread_pool.rb:147:in `block in spawn_thread'
Started GET "/" for ::1 at 2022-07-08 10:50:42 +0700
  
ActiveRecord::ConnectionNotEstablished (Can't connect to local MySQL server through socket '/tmp/mysql.sock' (2)):
  
activerecord (6.1.6) lib/active_record/connection_adapters/mysql2_adapter.rb:45:in `rescue in new_client'
activerecord (6.1.6) lib/active_record/connection_adapters/mysql2_adapter.rb:39:in `new_client'
activerecord (6.1.6) lib/active_record/connection_adapters/mysql2_adapter.rb:23:in `mysql2_connection'
activerecord (6.1.6) lib/active_record/connection_adapters/abstract/connection_pool.rb:882:in `public_send'
activerecord (6.1.6) lib/active_record/connection_adapters/abstract/connection_pool.rb:882:in `new_connection'
activerecord (6.1.6) lib/active_record/connection_adapters/abstract/connection_pool.rb:926:in `checkout_new_connection'
activerecord (6.1.6) lib/active_record/connection_adapters/abstract/connection_pool.rb:905:in `try_to_checkout_new_connection'
activerecord (6.1.6) lib/active_record/connection_adapters/abstract/connection_pool.rb:866:in `acquire_connection'
activerecord (6.1.6) lib/active_record/connection_adapters/abstract/connection_pool.rb:588:in `checkout'
activerecord (6.1.6) lib/active_record/connection_adapters/abstract/connection_pool.rb:428:in `connection'
activerecord (6.1.6) lib/active_record/connection_adapters/abstract/connection_pool.rb:1128:in `retrieve_connection'
activerecord (6.1.6) lib/active_record/connection_handling.rb:327:in `retrieve_connection'
activerecord (6.1.6) lib/active_record/connection_handling.rb:283:in `connection'
activerecord (6.1.6) lib/active_record/migration.rb:611:in `connection'
activerecord (6.1.6) lib/active_record/migration.rb:606:in `build_watcher'
activerecord (6.1.6) lib/active_record/migration.rb:588:in `block in call'
activerecord (6.1.6) lib/active_record/migration.rb:587:in `synchronize'
activerecord (6.1.6) lib/active_record/migration.rb:587:in `call'
actionpack (6.1.6) lib/action_dispatch/middleware/callbacks.rb:27:in `block in call'
activesupport (6.1.6) lib/active_support/callbacks.rb:98:in `run_callbacks'
actionpack (6.1.6) lib/action_dispatch/middleware/callbacks.rb:26:in `call'
actionpack (6.1.6) lib/action_dispatch/middleware/executor.rb:14:in `call'
actionpack (6.1.6) lib/action_dispatch/middleware/actionable_exceptions.rb:18:in `call'
actionpack (6.1.6) lib/action_dispatch/middleware/debug_exceptions.rb:29:in `call'
web-console (4.2.0) lib/web_console/middleware.rb:132:in `call_app'
web-console (4.2.0) lib/web_console/middleware.rb:28:in `block in call'
web-console (4.2.0) lib/web_console/middleware.rb:17:in `catch'
web-console (4.2.0) lib/web_console/middleware.rb:17:in `call'
actionpack (6.1.6) lib/action_dispatch/middleware/show_exceptions.rb:33:in `call'
railties (6.1.6) lib/rails/rack/logger.rb:37:in `call_app'
railties (6.1.6) lib/rails/rack/logger.rb:26:in `block in call'
activesupport (6.1.6) lib/active_support/tagged_logging.rb:99:in `block in tagged'
activesupport (6.1.6) lib/active_support/tagged_logging.rb:37:in `tagged'
activesupport (6.1.6) lib/active_support/tagged_logging.rb:99:in `tagged'
railties (6.1.6) lib/rails/rack/logger.rb:26:in `call'
sprockets-rails (3.4.2) lib/sprockets/rails/quiet_assets.rb:13:in `call'
actionpack (6.1.6) lib/action_dispatch/middleware/remote_ip.rb:81:in `call'
actionpack (6.1.6) lib/action_dispatch/middleware/request_id.rb:26:in `call'
rack (2.2.4) lib/rack/method_override.rb:24:in `call'
rack (2.2.4) lib/rack/runtime.rb:22:in `call'
activesupport (6.1.6) lib/active_support/cache/strategy/local_cache_middleware.rb:29:in `call'
actionpack (6.1.6) lib/action_dispatch/middleware/executor.rb:14:in `call'
actionpack (6.1.6) lib/action_dispatch/middleware/static.rb:24:in `call'
rack (2.2.4) lib/rack/sendfile.rb:110:in `call'
actionpack (6.1.6) lib/action_dispatch/middleware/host_authorization.rb:148:in `call'
rack-mini-profiler (2.3.4) lib/mini_profiler/profiler.rb:393:in `call'
webpacker (5.4.3) lib/webpacker/dev_server_proxy.rb:25:in `perform_request'
rack-proxy (0.7.2) lib/rack/proxy.rb:67:in `call'
railties (6.1.6) lib/rails/engine.rb:539:in `call'
puma (5.6.4) lib/puma/configuration.rb:252:in `call'
puma (5.6.4) lib/puma/request.rb:77:in `block in handle_request'
puma (5.6.4) lib/puma/thread_pool.rb:340:in `with_force_shutdown'
puma (5.6.4) lib/puma/request.rb:76:in `handle_request'
puma (5.6.4) lib/puma/server.rb:441:in `process_client'
puma (5.6.4) lib/puma/thread_pool.rb:147:in `block in spawn_thread'
Started GET "/" for ::1 at 2022-07-08 10:50:44 +0700
  
ActiveRecord::ConnectionNotEstablished (Can't connect to local MySQL server through socket '/tmp/mysql.sock' (2)):
  
activerecord (6.1.6) lib/active_record/connection_adapters/mysql2_adapter.rb:45:in `rescue in new_client'
activerecord (6.1.6) lib/active_record/connection_adapters/mysql2_adapter.rb:39:in `new_client'
activerecord (6.1.6) lib/active_record/connection_adapters/mysql2_adapter.rb:23:in `mysql2_connection'
activerecord (6.1.6) lib/active_record/connection_adapters/abstract/connection_pool.rb:882:in `public_send'
activerecord (6.1.6) lib/active_record/connection_adapters/abstract/connection_pool.rb:882:in `new_connection'
activerecord (6.1.6) lib/active_record/connection_adapters/abstract/connection_pool.rb:926:in `checkout_new_connection'
activerecord (6.1.6) lib/active_record/connection_adapters/abstract/connection_pool.rb:905:in `try_to_checkout_new_connection'
activerecord (6.1.6) lib/active_record/connection_adapters/abstract/connection_pool.rb:866:in `acquire_connection'
activerecord (6.1.6) lib/active_record/connection_adapters/abstract/connection_pool.rb:588:in `checkout'
activerecord (6.1.6) lib/active_record/connection_adapters/abstract/connection_pool.rb:428:in `connection'
activerecord (6.1.6) lib/active_record/connection_adapters/abstract/connection_pool.rb:1128:in `retrieve_connection'
activerecord (6.1.6) lib/active_record/connection_handling.rb:327:in `retrieve_connection'
activerecord (6.1.6) lib/active_record/connection_handling.rb:283:in `connection'
activerecord (6.1.6) lib/active_record/migration.rb:611:in `connection'
activerecord (6.1.6) lib/active_record/migration.rb:606:in `build_watcher'
activerecord (6.1.6) lib/active_record/migration.rb:588:in `block in call'
activerecord (6.1.6) lib/active_record/migration.rb:587:in `synchronize'
activerecord (6.1.6) lib/active_record/migration.rb:587:in `call'
actionpack (6.1.6) lib/action_dispatch/middleware/callbacks.rb:27:in `block in call'
activesupport (6.1.6) lib/active_support/callbacks.rb:98:in `run_callbacks'
actionpack (6.1.6) lib/action_dispatch/middleware/callbacks.rb:26:in `call'
actionpack (6.1.6) lib/action_dispatch/middleware/executor.rb:14:in `call'
actionpack (6.1.6) lib/action_dispatch/middleware/actionable_exceptions.rb:18:in `call'
actionpack (6.1.6) lib/action_dispatch/middleware/debug_exceptions.rb:29:in `call'
web-console (4.2.0) lib/web_console/middleware.rb:132:in `call_app'
web-console (4.2.0) lib/web_console/middleware.rb:28:in `block in call'
web-console (4.2.0) lib/web_console/middleware.rb:17:in `catch'
web-console (4.2.0) lib/web_console/middleware.rb:17:in `call'
actionpack (6.1.6) lib/action_dispatch/middleware/show_exceptions.rb:33:in `call'
railties (6.1.6) lib/rails/rack/logger.rb:37:in `call_app'
railties (6.1.6) lib/rails/rack/logger.rb:26:in `block in call'
activesupport (6.1.6) lib/active_support/tagged_logging.rb:99:in `block in tagged'
activesupport (6.1.6) lib/active_support/tagged_logging.rb:37:in `tagged'
activesupport (6.1.6) lib/active_support/tagged_logging.rb:99:in `tagged'
railties (6.1.6) lib/rails/rack/logger.rb:26:in `call'
sprockets-rails (3.4.2) lib/sprockets/rails/quiet_assets.rb:13:in `call'
actionpack (6.1.6) lib/action_dispatch/middleware/remote_ip.rb:81:in `call'
actionpack (6.1.6) lib/action_dispatch/middleware/request_id.rb:26:in `call'
rack (2.2.4) lib/rack/method_override.rb:24:in `call'
rack (2.2.4) lib/rack/runtime.rb:22:in `call'
activesupport (6.1.6) lib/active_support/cache/strategy/local_cache_middleware.rb:29:in `call'
actionpack (6.1.6) lib/action_dispatch/middleware/executor.rb:14:in `call'
actionpack (6.1.6) lib/action_dispatch/middleware/static.rb:24:in `call'
rack (2.2.4) lib/rack/sendfile.rb:110:in `call'
actionpack (6.1.6) lib/action_dispatch/middleware/host_authorization.rb:148:in `call'
rack-mini-profiler (2.3.4) lib/mini_profiler/profiler.rb:393:in `call'
webpacker (5.4.3) lib/webpacker/dev_server_proxy.rb:25:in `perform_request'
rack-proxy (0.7.2) lib/rack/proxy.rb:67:in `call'
railties (6.1.6) lib/rails/engine.rb:539:in `call'
puma (5.6.4) lib/puma/configuration.rb:252:in `call'
puma (5.6.4) lib/puma/request.rb:77:in `block in handle_request'
puma (5.6.4) lib/puma/thread_pool.rb:340:in `with_force_shutdown'
puma (5.6.4) lib/puma/request.rb:76:in `handle_request'
puma (5.6.4) lib/puma/server.rb:441:in `process_client'
puma (5.6.4) lib/puma/thread_pool.rb:147:in `block in spawn_thread'
Started GET "/" for ::1 at 2022-07-08 10:50:45 +0700
  
ActiveRecord::ConnectionNotEstablished (Can't connect to local MySQL server through socket '/tmp/mysql.sock' (2)):
  
activerecord (6.1.6) lib/active_record/connection_adapters/mysql2_adapter.rb:45:in `rescue in new_client'
activerecord (6.1.6) lib/active_record/connection_adapters/mysql2_adapter.rb:39:in `new_client'
activerecord (6.1.6) lib/active_record/connection_adapters/mysql2_adapter.rb:23:in `mysql2_connection'
activerecord (6.1.6) lib/active_record/connection_adapters/abstract/connection_pool.rb:882:in `public_send'
activerecord (6.1.6) lib/active_record/connection_adapters/abstract/connection_pool.rb:882:in `new_connection'
activerecord (6.1.6) lib/active_record/connection_adapters/abstract/connection_pool.rb:926:in `checkout_new_connection'
activerecord (6.1.6) lib/active_record/connection_adapters/abstract/connection_pool.rb:905:in `try_to_checkout_new_connection'
activerecord (6.1.6) lib/active_record/connection_adapters/abstract/connection_pool.rb:866:in `acquire_connection'
activerecord (6.1.6) lib/active_record/connection_adapters/abstract/connection_pool.rb:588:in `checkout'
activerecord (6.1.6) lib/active_record/connection_adapters/abstract/connection_pool.rb:428:in `connection'
activerecord (6.1.6) lib/active_record/connection_adapters/abstract/connection_pool.rb:1128:in `retrieve_connection'
activerecord (6.1.6) lib/active_record/connection_handling.rb:327:in `retrieve_connection'
activerecord (6.1.6) lib/active_record/connection_handling.rb:283:in `connection'
activerecord (6.1.6) lib/active_record/migration.rb:611:in `connection'
activerecord (6.1.6) lib/active_record/migration.rb:606:in `build_watcher'
activerecord (6.1.6) lib/active_record/migration.rb:588:in `block in call'
activerecord (6.1.6) lib/active_record/migration.rb:587:in `synchronize'
activerecord (6.1.6) lib/active_record/migration.rb:587:in `call'
actionpack (6.1.6) lib/action_dispatch/middleware/callbacks.rb:27:in `block in call'
activesupport (6.1.6) lib/active_support/callbacks.rb:98:in `run_callbacks'
actionpack (6.1.6) lib/action_dispatch/middleware/callbacks.rb:26:in `call'
actionpack (6.1.6) lib/action_dispatch/middleware/executor.rb:14:in `call'
actionpack (6.1.6) lib/action_dispatch/middleware/actionable_exceptions.rb:18:in `call'
actionpack (6.1.6) lib/action_dispatch/middleware/debug_exceptions.rb:29:in `call'
web-console (4.2.0) lib/web_console/middleware.rb:132:in `call_app'
web-console (4.2.0) lib/web_console/middleware.rb:28:in `block in call'
web-console (4.2.0) lib/web_console/middleware.rb:17:in `catch'
web-console (4.2.0) lib/web_console/middleware.rb:17:in `call'
actionpack (6.1.6) lib/action_dispatch/middleware/show_exceptions.rb:33:in `call'
railties (6.1.6) lib/rails/rack/logger.rb:37:in `call_app'
railties (6.1.6) lib/rails/rack/logger.rb:26:in `block in call'
activesupport (6.1.6) lib/active_support/tagged_logging.rb:99:in `block in tagged'
activesupport (6.1.6) lib/active_support/tagged_logging.rb:37:in `tagged'
activesupport (6.1.6) lib/active_support/tagged_logging.rb:99:in `tagged'
railties (6.1.6) lib/rails/rack/logger.rb:26:in `call'
sprockets-rails (3.4.2) lib/sprockets/rails/quiet_assets.rb:13:in `call'
actionpack (6.1.6) lib/action_dispatch/middleware/remote_ip.rb:81:in `call'
actionpack (6.1.6) lib/action_dispatch/middleware/request_id.rb:26:in `call'
rack (2.2.4) lib/rack/method_override.rb:24:in `call'
rack (2.2.4) lib/rack/runtime.rb:22:in `call'
activesupport (6.1.6) lib/active_support/cache/strategy/local_cache_middleware.rb:29:in `call'
actionpack (6.1.6) lib/action_dispatch/middleware/executor.rb:14:in `call'
actionpack (6.1.6) lib/action_dispatch/middleware/static.rb:24:in `call'
rack (2.2.4) lib/rack/sendfile.rb:110:in `call'
actionpack (6.1.6) lib/action_dispatch/middleware/host_authorization.rb:148:in `call'
rack-mini-profiler (2.3.4) lib/mini_profiler/profiler.rb:393:in `call'
webpacker (5.4.3) lib/webpacker/dev_server_proxy.rb:25:in `perform_request'
rack-proxy (0.7.2) lib/rack/proxy.rb:67:in `call'
railties (6.1.6) lib/rails/engine.rb:539:in `call'
puma (5.6.4) lib/puma/configuration.rb:252:in `call'
puma (5.6.4) lib/puma/request.rb:77:in `block in handle_request'
puma (5.6.4) lib/puma/thread_pool.rb:340:in `with_force_shutdown'
puma (5.6.4) lib/puma/request.rb:76:in `handle_request'
puma (5.6.4) lib/puma/server.rb:441:in `process_client'
puma (5.6.4) lib/puma/thread_pool.rb:147:in `block in spawn_thread'
Started GET "/" for ::1 at 2022-07-08 10:51:02 +0700
Processing by Rails::WelcomeController#index as HTML
  Rendering /home/hunter/.rbenv/versions/2.7.1/lib/ruby/gems/2.7.0/gems/railties-6.1.6/lib/rails/templates/rails/welcome/index.html.erb
  Rendered /home/hunter/.rbenv/versions/2.7.1/lib/ruby/gems/2.7.0/gems/railties-6.1.6/lib/rails/templates/rails/welcome/index.html.erb (Duration: 14.2ms | Allocations: 341)
Completed 200 OK in 27ms (Views: 16.0ms | ActiveRecord: 0.0ms | Allocations: 2918)


Started GET "/" for ::1 at 2022-07-08 11:05:49 +0700
Processing by Rails::WelcomeController#index as HTML
  Rendering /home/hunter/.rbenv/versions/2.7.1/lib/ruby/gems/2.7.0/gems/railties-6.1.6/lib/rails/templates/rails/welcome/index.html.erb
  Rendered /home/hunter/.rbenv/versions/2.7.1/lib/ruby/gems/2.7.0/gems/railties-6.1.6/lib/rails/templates/rails/welcome/index.html.erb (Duration: 31.6ms | Allocations: 223)
Completed 200 OK in 46ms (Views: 40.7ms | Allocations: 915)


Started GET "/" for 127.0.0.1 at 2022-07-08 13:21:40 +0700
Processing by Rails::WelcomeController#index as HTML
  Rendering /home/hunter/.rbenv/versions/2.7.1/lib/ruby/gems/2.7.0/gems/railties-6.1.6/lib/rails/templates/rails/welcome/index.html.erb
  Rendered /home/hunter/.rbenv/versions/2.7.1/lib/ruby/gems/2.7.0/gems/railties-6.1.6/lib/rails/templates/rails/welcome/index.html.erb (Duration: 6.7ms | Allocations: 341)
Completed 200 OK in 15ms (Views: 8.0ms | ActiveRecord: 0.0ms | Allocations: 2492)


Started GET "/" for 127.0.0.1 at 2022-07-08 13:50:46 +0700
Processing by Rails::WelcomeController#index as HTML
  Rendering /home/hunter/.rbenv/versions/2.7.1/lib/ruby/gems/2.7.0/gems/railties-6.1.6/lib/rails/templates/rails/welcome/index.html.erb
  Rendered /home/hunter/.rbenv/versions/2.7.1/lib/ruby/gems/2.7.0/gems/railties-6.1.6/lib/rails/templates/rails/welcome/index.html.erb (Duration: 6.8ms | Allocations: 341)
Completed 200 OK in 18ms (Views: 9.1ms | ActiveRecord: 0.0ms | Allocations: 2492)


Started GET "/" for 127.0.0.1 at 2022-07-08 13:51:54 +0700
Processing by Rails::WelcomeController#index as HTML
  Rendering /home/hunter/.rbenv/versions/2.7.1/lib/ruby/gems/2.7.0/gems/railties-6.1.6/lib/rails/templates/rails/welcome/index.html.erb
  Rendered /home/hunter/.rbenv/versions/2.7.1/lib/ruby/gems/2.7.0/gems/railties-6.1.6/lib/rails/templates/rails/welcome/index.html.erb (Duration: 30.2ms | Allocations: 220)
Completed 200 OK in 43ms (Views: 38.7ms | ActiveRecord: 0.0ms | Allocations: 834)


Started GET "/" for 127.0.0.1 at 2022-07-08 13:51:55 +0700
Processing by Rails::WelcomeController#index as HTML
  Rendering /home/hunter/.rbenv/versions/2.7.1/lib/ruby/gems/2.7.0/gems/railties-6.1.6/lib/rails/templates/rails/welcome/index.html.erb
  Rendered /home/hunter/.rbenv/versions/2.7.1/lib/ruby/gems/2.7.0/gems/railties-6.1.6/lib/rails/templates/rails/welcome/index.html.erb (Duration: 1.8ms | Allocations: 49)
Completed 200 OK in 6ms (Views: 4.3ms | ActiveRecord: 0.0ms | Allocations: 346)


Started GET "/" for 127.0.0.1 at 2022-07-08 13:51:55 +0700
Processing by Rails::WelcomeController#index as HTML
  Rendering /home/hunter/.rbenv/versions/2.7.1/lib/ruby/gems/2.7.0/gems/railties-6.1.6/lib/rails/templates/rails/welcome/index.html.erb
  Rendered /home/hunter/.rbenv/versions/2.7.1/lib/ruby/gems/2.7.0/gems/railties-6.1.6/lib/rails/templates/rails/welcome/index.html.erb (Duration: 0.4ms | Allocations: 48)
Completed 200 OK in 2ms (Views: 1.0ms | ActiveRecord: 0.0ms | Allocations: 339)


Started GET "/" for 127.0.0.1 at 2022-07-08 13:51:55 +0700
Processing by Rails::WelcomeController#index as HTML
  Rendering /home/hunter/.rbenv/versions/2.7.1/lib/ruby/gems/2.7.0/gems/railties-6.1.6/lib/rails/templates/rails/welcome/index.html.erb
  Rendered /home/hunter/.rbenv/versions/2.7.1/lib/ruby/gems/2.7.0/gems/railties-6.1.6/lib/rails/templates/rails/welcome/index.html.erb (Duration: 0.7ms | Allocations: 48)
Completed 200 OK in 4ms (Views: 3.2ms | ActiveRecord: 0.0ms | Allocations: 339)


Started GET "/" for 127.0.0.1 at 2022-07-08 13:51:56 +0700
Processing by Rails::WelcomeController#index as HTML
  Rendering /home/hunter/.rbenv/versions/2.7.1/lib/ruby/gems/2.7.0/gems/railties-6.1.6/lib/rails/templates/rails/welcome/index.html.erb
  Rendered /home/hunter/.rbenv/versions/2.7.1/lib/ruby/gems/2.7.0/gems/railties-6.1.6/lib/rails/templates/rails/welcome/index.html.erb (Duration: 1.3ms | Allocations: 48)
Completed 200 OK in 5ms (Views: 3.4ms | ActiveRecord: 0.0ms | Allocations: 340)


Started GET "/" for 127.0.0.1 at 2022-07-08 13:54:32 +0700
Processing by Rails::WelcomeController#index as HTML
  Rendering /home/hunter/.rbenv/versions/2.7.1/lib/ruby/gems/2.7.0/gems/railties-6.1.6/lib/rails/templates/rails/welcome/index.html.erb
  Rendered /home/hunter/.rbenv/versions/2.7.1/lib/ruby/gems/2.7.0/gems/railties-6.1.6/lib/rails/templates/rails/welcome/index.html.erb (Duration: 9.0ms | Allocations: 48)
Completed 200 OK in 13ms (Views: 10.9ms | ActiveRecord: 0.0ms | Allocations: 339)


Started GET "/" for 127.0.0.1 at 2022-07-08 13:54:33 +0700
Processing by Rails::WelcomeController#index as HTML
  Rendering /home/hunter/.rbenv/versions/2.7.1/lib/ruby/gems/2.7.0/gems/railties-6.1.6/lib/rails/templates/rails/welcome/index.html.erb
  Rendered /home/hunter/.rbenv/versions/2.7.1/lib/ruby/gems/2.7.0/gems/railties-6.1.6/lib/rails/templates/rails/welcome/index.html.erb (Duration: 11.2ms | Allocations: 48)
Completed 200 OK in 14ms (Views: 12.9ms | ActiveRecord: 0.0ms | Allocations: 340)


Started GET "/" for 127.0.0.1 at 2022-07-08 13:54:33 +0700
Processing by Rails::WelcomeController#index as HTML
  Rendering /home/hunter/.rbenv/versions/2.7.1/lib/ruby/gems/2.7.0/gems/railties-6.1.6/lib/rails/templates/rails/welcome/index.html.erb
  Rendered /home/hunter/.rbenv/versions/2.7.1/lib/ruby/gems/2.7.0/gems/railties-6.1.6/lib/rails/templates/rails/welcome/index.html.erb (Duration: 0.4ms | Allocations: 48)
Completed 200 OK in 1ms (Views: 0.9ms | ActiveRecord: 0.0ms | Allocations: 339)


Started GET "/" for 127.0.0.1 at 2022-07-08 13:54:56 +0700
Processing by Rails::WelcomeController#index as HTML
  Rendering /home/hunter/.rbenv/versions/2.7.1/lib/ruby/gems/2.7.0/gems/railties-6.1.6/lib/rails/templates/rails/welcome/index.html.erb
  Rendered /home/hunter/.rbenv/versions/2.7.1/lib/ruby/gems/2.7.0/gems/railties-6.1.6/lib/rails/templates/rails/welcome/index.html.erb (Duration: 3.8ms | Allocations: 49)
Completed 200 OK in 10ms (Views: 8.4ms | ActiveRecord: 0.0ms | Allocations: 346)


Started GET "/" for 127.0.0.1 at 2022-07-08 13:58:53 +0700
Processing by Rails::WelcomeController#index as HTML
  Rendering /home/hunter/.rbenv/versions/2.7.1/lib/ruby/gems/2.7.0/gems/railties-6.1.6/lib/rails/templates/rails/welcome/index.html.erb
  Rendered /home/hunter/.rbenv/versions/2.7.1/lib/ruby/gems/2.7.0/gems/railties-6.1.6/lib/rails/templates/rails/welcome/index.html.erb (Duration: 1.1ms | Allocations: 48)
Completed 200 OK in 8ms (Views: 6.8ms | Allocations: 339)


Started GET "/" for 127.0.0.1 at 2022-07-08 13:58:55 +0700
Processing by Rails::WelcomeController#index as HTML
  Rendering /home/hunter/.rbenv/versions/2.7.1/lib/ruby/gems/2.7.0/gems/railties-6.1.6/lib/rails/templates/rails/welcome/index.html.erb
  Rendered /home/hunter/.rbenv/versions/2.7.1/lib/ruby/gems/2.7.0/gems/railties-6.1.6/lib/rails/templates/rails/welcome/index.html.erb (Duration: 0.8ms | Allocations: 48)
Completed 200 OK in 6ms (Views: 3.2ms | Allocations: 339)


  [1m[35m (139.3ms)[0m  [1m[35mCREATE DATABASE `sample_app` DEFAULT CHARACTER SET `utf8`[0m
  [1m[35m (2.9ms)[0m  [1m[35mCREATE DATABASE `sample_app` DEFAULT CHARACTER SET `utf8`[0m
